**********************
Windows PowerShell transcript start
Start time: 20220209102640
Username: NSX-01\Fomofonk
RunAs User: NSX-01\Fomofonk
Configuration Name: 
Machine: NSX-01 (Microsoft Windows NT 10.0.19044.0)
Host Application: powershell -NoProfile -ExecutionPolicy Bypass -File C:\temp\Win10.ps1 -include C:\temp\Win10.psm1 -preset master-preset.txt -log NSX-Install.log
Process ID: 13544
PSVersion: 5.1.19041.1320
PSEdition: Desktop
PSCompatibleVersions: 1.0, 2.0, 3.0, 4.0, 5.0, 5.1.19041.1320
BuildVersion: 10.0.19041.1320
CLRVersion: 4.0.30319.42000
WSManStackVersion: 3.0
PSRemotingProtocolVersion: 2.3
SerializationVersion: 1.1.0.1
**********************
Transcript started, output file is C:\temp\NSX-Install.log
WARNING: 'choco' was found at 'C:\ProgramData\chocolatey\bin\choco.exe'.
WARNING: An existing Chocolatey installation was detected. Installation will not continue.
For security reasons, this script will not overwrite existing installations.

Please use choco upgrade chocolatey to handle upgrades of Chocolatey itself.
Chocolatey v0.11.3
Installing the following packages:
dotnetfx;powershell;sysinternals;googlechrome;slack;vlc;zoom
By installing, you accept licenses for the packages.
dotnetfx v4.8.0.20190930 already installed.
 Use --force to reinstall, specify a version to install, or try upgrade.
PowerShell v5.1.14409.20180811 already installed.
 Use --force to reinstall, specify a version to install, or try upgrade.
sysinternals v2021.12.16 already installed.
 Use --force to reinstall, specify a version to install, or try upgrade.
GoogleChrome v97.0.4692.71 already installed.
 Use --force to reinstall, specify a version to install, or try upgrade.
slack v4.23.0 already installed.
 Use --force to reinstall, specify a version to install, or try upgrade.
vlc v3.0.16 already installed.
 Use --force to reinstall, specify a version to install, or try upgrade.
zoom v5.9.1.2581 already installed.
 Use --force to reinstall, specify a version to install, or try upgrade.

Chocolatey installed 0/7 packages.
 See the log for details (C:\ProgramData\chocolatey\logs\chocolatey.log).

Warnings:
 - googlechrome - GoogleChrome v97.0.4692.71 already installed.
 Use --force to reinstall, specify a version to install, or try upgrade.
 - dotnetfx - dotnetfx v4.8.0.20190930 already installed.
 Use --force to reinstall, specify a version to install, or try upgrade.
 - sysinternals - sysinternals v2021.12.16 already installed.
 Use --force to reinstall, specify a version to install, or try upgrade.
 - slack - slack v4.23.0 already installed.
 Use --force to reinstall, specify a version to install, or try upgrade.
 - powershell - PowerShell v5.1.14409.20180811 already installed.
 Use --force to reinstall, specify a version to install, or try upgrade.
 - zoom - zoom v5.9.1.2581 already installed.
 Use --force to reinstall, specify a version to install, or try upgrade.
 - vlc - vlc v3.0.16 already installed.
 Use --force to reinstall, specify a version to install, or try upgrade.

Windows IP Configuration

Successfully flushed the DNS Resolver Cache.
Downloading & Installing JCAgent prereq Visual C++ 2013 x64
JCAgent Visual C++ 2013 x64 prereq installed
Downloading & Installing JCAgent prereq Visual C++ 2013 x86
JCAgent prereq installed
Downloading JCAgent Installer
